{"/home/jns/Dev/plokilista-frontend/src/App.js": {"path":"/home/jns/Dev/plokilista-frontend/src/App.js","statementMap":{"0":{"start":{"line":12,"column":4},"end":{"line":12,"column":16}},"1":{"start":{"line":13,"column":4},"end":{"line":19,"column":5}},"2":{"start":{"line":23,"column":4},"end":{"line":23,"column":23}},"3":{"start":{"line":25,"column":27},"end":{"line":25,"column":75}},"4":{"start":{"line":26,"column":4},"end":{"line":30,"column":5}},"5":{"start":{"line":27,"column":19},"end":{"line":27,"column":45}},"6":{"start":{"line":28,"column":6},"end":{"line":28,"column":27}},"7":{"start":{"line":29,"column":6},"end":{"line":29,"column":38}},"8":{"start":{"line":34,"column":16},"end":{"line":34,"column":42}},"9":{"start":{"line":35,"column":4},"end":{"line":35,"column":54}},"10":{"start":{"line":35,"column":26},"end":{"line":35,"column":52}},"11":{"start":{"line":36,"column":2},"end":{"line":36,"column":24}},"12":{"start":{"line":40,"column":4},"end":{"line":40,"column":26}},"13":{"start":{"line":41,"column":4},"end":{"line":57,"column":5}},"14":{"start":{"line":42,"column":19},"end":{"line":45,"column":8}},"15":{"start":{"line":47,"column":6},"end":{"line":47,"column":76}},"16":{"start":{"line":48,"column":6},"end":{"line":48,"column":38}},"17":{"start":{"line":49,"column":6},"end":{"line":49,"column":56}},"18":{"start":{"line":51,"column":6},"end":{"line":53,"column":8}},"19":{"start":{"line":54,"column":6},"end":{"line":56,"column":14}},"20":{"start":{"line":55,"column":8},"end":{"line":55,"column":38}},"21":{"start":{"line":61,"column":4},"end":{"line":61,"column":26}},"22":{"start":{"line":62,"column":17},"end":{"line":62,"column":21}},"23":{"start":{"line":64,"column":4},"end":{"line":64,"column":55}},"24":{"start":{"line":65,"column":4},"end":{"line":65,"column":28}},"25":{"start":{"line":66,"column":4},"end":{"line":66,"column":55}},"26":{"start":{"line":70,"column":4},"end":{"line":70,"column":62}},"27":{"start":{"line":74,"column":4},"end":{"line":90,"column":5}},"28":{"start":{"line":75,"column":22},"end":{"line":75,"column":52}},"29":{"start":{"line":76,"column":6},"end":{"line":76,"column":25}},"30":{"start":{"line":77,"column":6},"end":{"line":79,"column":8}},"31":{"start":{"line":80,"column":6},"end":{"line":82,"column":14}},"32":{"start":{"line":81,"column":8},"end":{"line":81,"column":38}},"33":{"start":{"line":84,"column":6},"end":{"line":86,"column":8}},"34":{"start":{"line":87,"column":6},"end":{"line":89,"column":14}},"35":{"start":{"line":88,"column":8},"end":{"line":88,"column":38}},"36":{"start":{"line":94,"column":4},"end":{"line":110,"column":5}},"37":{"start":{"line":95,"column":24},"end":{"line":95,"column":54}},"38":{"start":{"line":96,"column":6},"end":{"line":96,"column":25}},"39":{"start":{"line":97,"column":6},"end":{"line":99,"column":8}},"40":{"start":{"line":100,"column":6},"end":{"line":102,"column":14}},"41":{"start":{"line":101,"column":8},"end":{"line":101,"column":38}},"42":{"start":{"line":104,"column":6},"end":{"line":106,"column":8}},"43":{"start":{"line":107,"column":6},"end":{"line":109,"column":14}},"44":{"start":{"line":108,"column":8},"end":{"line":108,"column":38}},"45":{"start":{"line":114,"column":4},"end":{"line":131,"column":5}},"46":{"start":{"line":115,"column":26},"end":{"line":115,"column":56}},"47":{"start":{"line":116,"column":6},"end":{"line":116,"column":33}},"48":{"start":{"line":117,"column":6},"end":{"line":117,"column":25}},"49":{"start":{"line":118,"column":6},"end":{"line":120,"column":8}},"50":{"start":{"line":121,"column":6},"end":{"line":123,"column":14}},"51":{"start":{"line":122,"column":8},"end":{"line":122,"column":38}},"52":{"start":{"line":125,"column":6},"end":{"line":127,"column":8}},"53":{"start":{"line":128,"column":6},"end":{"line":130,"column":14}},"54":{"start":{"line":129,"column":8},"end":{"line":129,"column":38}},"55":{"start":{"line":135,"column":22},"end":{"line":160,"column":5}},"56":{"start":{"line":136,"column":6},"end":{"line":159,"column":12}},"57":{"start":{"line":162,"column":4},"end":{"line":190,"column":6}},"58":{"start":{"line":176,"column":14},"end":{"line":182,"column":16}}},"fnMap":{"0":{"name":"(anonymous_0)","decl":{"start":{"line":11,"column":2},"end":{"line":11,"column":3}},"loc":{"start":{"line":11,"column":21},"end":{"line":20,"column":3}},"line":11},"1":{"name":"(anonymous_1)","decl":{"start":{"line":22,"column":2},"end":{"line":22,"column":3}},"loc":{"start":{"line":22,"column":28},"end":{"line":31,"column":3}},"line":22},"2":{"name":"(anonymous_2)","decl":{"start":{"line":33,"column":17},"end":{"line":33,"column":18}},"loc":{"start":{"line":33,"column":29},"end":{"line":37,"column":2}},"line":33},"3":{"name":"(anonymous_3)","decl":{"start":{"line":35,"column":15},"end":{"line":35,"column":16}},"loc":{"start":{"line":35,"column":26},"end":{"line":35,"column":52}},"line":35},"4":{"name":"(anonymous_4)","decl":{"start":{"line":39,"column":10},"end":{"line":39,"column":11}},"loc":{"start":{"line":39,"column":27},"end":{"line":58,"column":3}},"line":39},"5":{"name":"(anonymous_5)","decl":{"start":{"line":54,"column":17},"end":{"line":54,"column":18}},"loc":{"start":{"line":54,"column":23},"end":{"line":56,"column":7}},"line":54},"6":{"name":"(anonymous_6)","decl":{"start":{"line":60,"column":11},"end":{"line":60,"column":12}},"loc":{"start":{"line":60,"column":28},"end":{"line":67,"column":3}},"line":60},"7":{"name":"(anonymous_7)","decl":{"start":{"line":69,"column":27},"end":{"line":69,"column":28}},"loc":{"start":{"line":69,"column":38},"end":{"line":71,"column":3}},"line":69},"8":{"name":"(anonymous_8)","decl":{"start":{"line":73,"column":15},"end":{"line":73,"column":16}},"loc":{"start":{"line":73,"column":31},"end":{"line":91,"column":3}},"line":73},"9":{"name":"(anonymous_9)","decl":{"start":{"line":80,"column":17},"end":{"line":80,"column":18}},"loc":{"start":{"line":80,"column":23},"end":{"line":82,"column":7}},"line":80},"10":{"name":"(anonymous_10)","decl":{"start":{"line":87,"column":17},"end":{"line":87,"column":18}},"loc":{"start":{"line":87,"column":23},"end":{"line":89,"column":7}},"line":87},"11":{"name":"(anonymous_11)","decl":{"start":{"line":93,"column":13},"end":{"line":93,"column":14}},"loc":{"start":{"line":93,"column":29},"end":{"line":111,"column":3}},"line":93},"12":{"name":"(anonymous_12)","decl":{"start":{"line":100,"column":17},"end":{"line":100,"column":18}},"loc":{"start":{"line":100,"column":23},"end":{"line":102,"column":7}},"line":100},"13":{"name":"(anonymous_13)","decl":{"start":{"line":107,"column":17},"end":{"line":107,"column":18}},"loc":{"start":{"line":107,"column":23},"end":{"line":109,"column":7}},"line":107},"14":{"name":"(anonymous_14)","decl":{"start":{"line":113,"column":15},"end":{"line":113,"column":16}},"loc":{"start":{"line":113,"column":31},"end":{"line":132,"column":3}},"line":113},"15":{"name":"(anonymous_15)","decl":{"start":{"line":121,"column":17},"end":{"line":121,"column":18}},"loc":{"start":{"line":121,"column":23},"end":{"line":123,"column":7}},"line":121},"16":{"name":"(anonymous_16)","decl":{"start":{"line":128,"column":17},"end":{"line":128,"column":18}},"loc":{"start":{"line":128,"column":23},"end":{"line":130,"column":7}},"line":128},"17":{"name":"(anonymous_17)","decl":{"start":{"line":134,"column":2},"end":{"line":134,"column":3}},"loc":{"start":{"line":134,"column":11},"end":{"line":191,"column":3}},"line":134},"18":{"name":"(anonymous_18)","decl":{"start":{"line":135,"column":22},"end":{"line":135,"column":23}},"loc":{"start":{"line":136,"column":6},"end":{"line":159,"column":12}},"line":136},"19":{"name":"(anonymous_19)","decl":{"start":{"line":175,"column":34},"end":{"line":175,"column":35}},"loc":{"start":{"line":176,"column":14},"end":{"line":182,"column":16}},"line":176}},"branchMap":{"0":{"loc":{"start":{"line":26,"column":4},"end":{"line":30,"column":5}},"type":"if","locations":[{"start":{"line":26,"column":4},"end":{"line":30,"column":5}},{"start":{"line":26,"column":4},"end":{"line":30,"column":5}}],"line":26},"1":{"loc":{"start":{"line":35,"column":26},"end":{"line":35,"column":52}},"type":"cond-expr","locations":[{"start":{"line":35,"column":46},"end":{"line":35,"column":48}},{"start":{"line":35,"column":51},"end":{"line":35,"column":52}}],"line":35},"2":{"loc":{"start":{"line":167,"column":9},"end":{"line":187,"column":16}},"type":"cond-expr","locations":[{"start":{"line":168,"column":10},"end":{"line":168,"column":21}},{"start":{"line":169,"column":10},"end":{"line":187,"column":16}}],"line":167}},"s":{"0":2,"1":2,"2":2,"3":2,"4":2,"5":1,"6":1,"7":1,"8":2,"9":2,"10":2,"11":2,"12":0,"13":0,"14":0,"15":0,"16":0,"17":0,"18":0,"19":0,"20":0,"21":0,"22":0,"23":0,"24":0,"25":0,"26":0,"27":0,"28":0,"29":0,"30":0,"31":0,"32":0,"33":0,"34":0,"35":0,"36":0,"37":0,"38":0,"39":0,"40":0,"41":0,"42":0,"43":0,"44":0,"45":0,"46":0,"47":0,"48":0,"49":0,"50":0,"51":0,"52":0,"53":0,"54":0,"55":5,"56":3,"57":5,"58":2},"f":{"0":2,"1":2,"2":2,"3":2,"4":0,"5":0,"6":0,"7":0,"8":0,"9":0,"10":0,"11":0,"12":0,"13":0,"14":0,"15":0,"16":0,"17":5,"18":3,"19":2},"b":{"0":[1,1],"1":[2,0],"2":[3,2]},"_coverageSchema":"332fd63041d2c1bcb487cc26dd0d5f7d97098a6c","hash":"ca0f0f43e876c411f90b7866fac054ce51206646"}
,"/home/jns/Dev/plokilista-frontend/src/index.js": {"path":"/home/jns/Dev/plokilista-frontend/src/index.js","statementMap":{"0":{"start":{"line":1,"column":32},"end":{"line":1,"column":80}},"1":{"start":{"line":1,"column":94},"end":{"line":1,"column":110}},"2":{"start":{"line":1,"column":125},"end":{"line":1,"column":155}},"3":{"start":{"line":2,"column":16},"end":{"line":2,"column":36}},"4":{"start":{"line":2,"column":54},"end":{"line":2,"column":87}},"5":{"start":{"line":3,"column":11},"end":{"line":3,"column":27}},"6":{"start":{"line":3,"column":40},"end":{"line":3,"column":68}},"7":{"start":{"line":4,"column":0},"end":{"line":4,"column":23}},"8":{"start":{"line":4,"column":61},"end":{"line":4,"column":115}},"9":{"start":{"line":6,"column":0},"end":{"line":6,"column":181}}},"fnMap":{"0":{"name":"_interopRequireDefault","decl":{"start":{"line":4,"column":32},"end":{"line":4,"column":54}},"loc":{"start":{"line":4,"column":60},"end":{"line":4,"column":116}},"line":4}},"branchMap":{"0":{"loc":{"start":{"line":4,"column":68},"end":{"line":4,"column":114}},"type":"cond-expr","locations":[{"start":{"line":4,"column":92},"end":{"line":4,"column":95}},{"start":{"line":4,"column":98},"end":{"line":4,"column":114}}],"line":4},"1":{"loc":{"start":{"line":4,"column":68},"end":{"line":4,"column":89}},"type":"binary-expr","locations":[{"start":{"line":4,"column":68},"end":{"line":4,"column":71}},{"start":{"line":4,"column":75},"end":{"line":4,"column":89}}],"line":4}},"s":{"0":0,"1":0,"2":0,"3":0,"4":0,"5":0,"6":0,"7":0,"8":0,"9":0},"f":{"0":0},"b":{"0":[0,0],"1":[0,0]}}
,"/home/jns/Dev/plokilista-frontend/src/setupTests.js": {"path":"/home/jns/Dev/plokilista-frontend/src/setupTests.js","statementMap":{"0":{"start":{"line":4,"column":0},"end":{"line":4,"column":37}},"1":{"start":{"line":6,"column":17},"end":{"line":6,"column":19}},"2":{"start":{"line":8,"column":25},"end":{"line":14,"column":1}},"3":{"start":{"line":10,"column":4},"end":{"line":10,"column":26}},"4":{"start":{"line":12,"column":20},"end":{"line":12,"column":35}},"5":{"start":{"line":16,"column":0},"end":{"line":16,"column":38}}},"fnMap":{"0":{"name":"(anonymous_0)","decl":{"start":{"line":9,"column":11},"end":{"line":9,"column":12}},"loc":{"start":{"line":9,"column":26},"end":{"line":11,"column":3}},"line":9},"1":{"name":"(anonymous_1)","decl":{"start":{"line":12,"column":11},"end":{"line":12,"column":12}},"loc":{"start":{"line":12,"column":20},"end":{"line":12,"column":35}},"line":12}},"branchMap":{},"s":{"0":3,"1":3,"2":3,"3":1,"4":2,"5":3},"f":{"0":1,"1":2},"b":{},"_coverageSchema":"332fd63041d2c1bcb487cc26dd0d5f7d97098a6c","hash":"0e17639ad8c6315a138d5da6da41d65ccb5bc405"}
,"/home/jns/Dev/plokilista-frontend/src/components/Blog.js": {"path":"/home/jns/Dev/plokilista-frontend/src/components/Blog.js","statementMap":{"0":{"start":{"line":5,"column":4},"end":{"line":5,"column":16}},"1":{"start":{"line":6,"column":4},"end":{"line":9,"column":5}},"2":{"start":{"line":13,"column":4},"end":{"line":15,"column":6}},"3":{"start":{"line":19,"column":4},"end":{"line":19,"column":26}},"4":{"start":{"line":21,"column":22},"end":{"line":25,"column":5}},"5":{"start":{"line":26,"column":4},"end":{"line":26,"column":40}},"6":{"start":{"line":27,"column":4},"end":{"line":27,"column":36}},"7":{"start":{"line":31,"column":4},"end":{"line":31,"column":26}},"8":{"start":{"line":32,"column":4},"end":{"line":34,"column":5}},"9":{"start":{"line":33,"column":5},"end":{"line":33,"column":12}},"10":{"start":{"line":36,"column":4},"end":{"line":36,"column":48}},"11":{"start":{"line":37,"column":4},"end":{"line":37,"column":31}},"12":{"start":{"line":41,"column":4},"end":{"line":43,"column":5}},"13":{"start":{"line":42,"column":6},"end":{"line":42,"column":18}},"14":{"start":{"line":45,"column":22},"end":{"line":51,"column":5}},"15":{"start":{"line":53,"column":22},"end":{"line":54,"column":67}},"16":{"start":{"line":56,"column":21},"end":{"line":63,"column":5}},"17":{"start":{"line":57,"column":6},"end":{"line":62,"column":12}},"18":{"start":{"line":65,"column":4},"end":{"line":73,"column":5}}},"fnMap":{"0":{"name":"(anonymous_0)","decl":{"start":{"line":4,"column":2},"end":{"line":4,"column":3}},"loc":{"start":{"line":4,"column":21},"end":{"line":10,"column":3}},"line":4},"1":{"name":"(anonymous_1)","decl":{"start":{"line":12,"column":15},"end":{"line":12,"column":16}},"loc":{"start":{"line":12,"column":21},"end":{"line":16,"column":3}},"line":12},"2":{"name":"(anonymous_2)","decl":{"start":{"line":18,"column":13},"end":{"line":18,"column":14}},"loc":{"start":{"line":18,"column":30},"end":{"line":28,"column":3}},"line":18},"3":{"name":"(anonymous_3)","decl":{"start":{"line":30,"column":15},"end":{"line":30,"column":16}},"loc":{"start":{"line":30,"column":32},"end":{"line":38,"column":3}},"line":30},"4":{"name":"(anonymous_4)","decl":{"start":{"line":40,"column":2},"end":{"line":40,"column":3}},"loc":{"start":{"line":40,"column":11},"end":{"line":74,"column":3}},"line":40},"5":{"name":"(anonymous_5)","decl":{"start":{"line":56,"column":21},"end":{"line":56,"column":22}},"loc":{"start":{"line":57,"column":6},"end":{"line":62,"column":12}},"line":57}},"branchMap":{"0":{"loc":{"start":{"line":32,"column":4},"end":{"line":34,"column":5}},"type":"if","locations":[{"start":{"line":32,"column":4},"end":{"line":34,"column":5}},{"start":{"line":32,"column":4},"end":{"line":34,"column":5}}],"line":32},"1":{"loc":{"start":{"line":41,"column":4},"end":{"line":43,"column":5}},"type":"if","locations":[{"start":{"line":41,"column":4},"end":{"line":43,"column":5}},{"start":{"line":41,"column":4},"end":{"line":43,"column":5}}],"line":41},"2":{"loc":{"start":{"line":53,"column":22},"end":{"line":54,"column":67}},"type":"cond-expr","locations":[{"start":{"line":54,"column":4},"end":{"line":54,"column":60}},{"start":{"line":54,"column":63},"end":{"line":54,"column":67}}],"line":53},"3":{"loc":{"start":{"line":53,"column":22},"end":{"line":53,"column":97}},"type":"binary-expr","locations":[{"start":{"line":53,"column":22},"end":{"line":53,"column":43}},{"start":{"line":53,"column":47},"end":{"line":53,"column":97}}],"line":53},"4":{"loc":{"start":{"line":60,"column":22},"end":{"line":60,"column":75}},"type":"cond-expr","locations":[{"start":{"line":60,"column":45},"end":{"line":60,"column":70}},{"start":{"line":60,"column":73},"end":{"line":60,"column":75}}],"line":60},"5":{"loc":{"start":{"line":70,"column":9},"end":{"line":70,"column":42}},"type":"binary-expr","locations":[{"start":{"line":70,"column":9},"end":{"line":70,"column":28}},{"start":{"line":70,"column":32},"end":{"line":70,"column":42}}],"line":70}},"s":{"0":4,"1":4,"2":1,"3":0,"4":0,"5":0,"6":0,"7":0,"8":0,"9":0,"10":0,"11":0,"12":5,"13":0,"14":5,"15":5,"16":5,"17":1,"18":5},"f":{"0":4,"1":1,"2":0,"3":0,"4":5,"5":1},"b":{"0":[0,0],"1":[0,5],"2":[3,2],"3":[5,5],"4":[1,0],"5":[5,1]},"_coverageSchema":"332fd63041d2c1bcb487cc26dd0d5f7d97098a6c","hash":"1739927d6a97d857ff01b3d621e68e8447c21dc9"}
,"/home/jns/Dev/plokilista-frontend/src/components/CreateBlog.js": {"path":"/home/jns/Dev/plokilista-frontend/src/components/CreateBlog.js","statementMap":{"0":{"start":{"line":5,"column":4},"end":{"line":5,"column":16}},"1":{"start":{"line":6,"column":4},"end":{"line":10,"column":5}},"2":{"start":{"line":14,"column":4},"end":{"line":14,"column":26}},"3":{"start":{"line":16,"column":4},"end":{"line":20,"column":6}},"4":{"start":{"line":22,"column":4},"end":{"line":22,"column":52}},"5":{"start":{"line":26,"column":4},"end":{"line":26,"column":62}},"6":{"start":{"line":30,"column":21},"end":{"line":64,"column":5}},"7":{"start":{"line":31,"column":6},"end":{"line":63,"column":12}},"8":{"start":{"line":66,"column":4},"end":{"line":70,"column":5}}},"fnMap":{"0":{"name":"(anonymous_0)","decl":{"start":{"line":4,"column":2},"end":{"line":4,"column":3}},"loc":{"start":{"line":4,"column":21},"end":{"line":11,"column":3}},"line":4},"1":{"name":"(anonymous_1)","decl":{"start":{"line":13,"column":15},"end":{"line":13,"column":16}},"loc":{"start":{"line":13,"column":32},"end":{"line":23,"column":3}},"line":13},"2":{"name":"(anonymous_2)","decl":{"start":{"line":25,"column":22},"end":{"line":25,"column":23}},"loc":{"start":{"line":25,"column":33},"end":{"line":27,"column":3}},"line":25},"3":{"name":"(anonymous_3)","decl":{"start":{"line":29,"column":2},"end":{"line":29,"column":3}},"loc":{"start":{"line":29,"column":11},"end":{"line":71,"column":3}},"line":29},"4":{"name":"(anonymous_4)","decl":{"start":{"line":30,"column":21},"end":{"line":30,"column":22}},"loc":{"start":{"line":31,"column":6},"end":{"line":63,"column":12}},"line":31}},"branchMap":{},"s":{"0":1,"1":1,"2":0,"3":0,"4":0,"5":0,"6":2,"7":2,"8":2},"f":{"0":1,"1":0,"2":0,"3":2,"4":2},"b":{},"_coverageSchema":"332fd63041d2c1bcb487cc26dd0d5f7d97098a6c","hash":"c84d3bf0e3e0e978005660ed3c724ff3a06895b4"}
,"/home/jns/Dev/plokilista-frontend/src/components/Notification.js": {"path":"/home/jns/Dev/plokilista-frontend/src/components/Notification.js","statementMap":{"0":{"start":{"line":3,"column":21},"end":{"line":12,"column":1}},"1":{"start":{"line":4,"column":2},"end":{"line":6,"column":3}},"2":{"start":{"line":5,"column":4},"end":{"line":5,"column":15}},"3":{"start":{"line":7,"column":2},"end":{"line":11,"column":3}}},"fnMap":{"0":{"name":"(anonymous_0)","decl":{"start":{"line":3,"column":21},"end":{"line":3,"column":22}},"loc":{"start":{"line":3,"column":38},"end":{"line":12,"column":1}},"line":3}},"branchMap":{"0":{"loc":{"start":{"line":4,"column":2},"end":{"line":6,"column":3}},"type":"if","locations":[{"start":{"line":4,"column":2},"end":{"line":6,"column":3}},{"start":{"line":4,"column":2},"end":{"line":6,"column":3}}],"line":4}},"s":{"0":1,"1":5,"2":5,"3":0},"f":{"0":5},"b":{"0":[5,0]},"_coverageSchema":"332fd63041d2c1bcb487cc26dd0d5f7d97098a6c","hash":"4468e7417d97e837344b9d93009de61910146245"}
,"/home/jns/Dev/plokilista-frontend/src/components/SimpleBlog.js": {"path":"/home/jns/Dev/plokilista-frontend/src/components/SimpleBlog.js","statementMap":{"0":{"start":{"line":3,"column":19},"end":{"line":13,"column":1}},"1":{"start":{"line":4,"column":2},"end":{"line":12,"column":8}}},"fnMap":{"0":{"name":"(anonymous_0)","decl":{"start":{"line":3,"column":19},"end":{"line":3,"column":20}},"loc":{"start":{"line":4,"column":2},"end":{"line":12,"column":8}},"line":4}},"branchMap":{},"s":{"0":1,"1":2},"f":{"0":2},"b":{},"_coverageSchema":"332fd63041d2c1bcb487cc26dd0d5f7d97098a6c","hash":"dd0538213cc7f80f476622694909f2930eb51fcc"}
,"/home/jns/Dev/plokilista-frontend/src/components/Togglable.js": {"path":"/home/jns/Dev/plokilista-frontend/src/components/Togglable.js","statementMap":{"0":{"start":{"line":6,"column":4},"end":{"line":6,"column":16}},"1":{"start":{"line":7,"column":4},"end":{"line":9,"column":5}},"2":{"start":{"line":13,"column":4},"end":{"line":13,"column":49}},"3":{"start":{"line":17,"column":28},"end":{"line":17,"column":73}},"4":{"start":{"line":18,"column":28},"end":{"line":18,"column":73}},"5":{"start":{"line":20,"column":4},"end":{"line":30,"column":5}},"6":{"start":{"line":34,"column":0},"end":{"line":36,"column":1}}},"fnMap":{"0":{"name":"(anonymous_0)","decl":{"start":{"line":5,"column":2},"end":{"line":5,"column":3}},"loc":{"start":{"line":5,"column":21},"end":{"line":10,"column":3}},"line":5},"1":{"name":"(anonymous_1)","decl":{"start":{"line":12,"column":21},"end":{"line":12,"column":22}},"loc":{"start":{"line":12,"column":27},"end":{"line":14,"column":3}},"line":12},"2":{"name":"(anonymous_2)","decl":{"start":{"line":16,"column":2},"end":{"line":16,"column":3}},"loc":{"start":{"line":16,"column":11},"end":{"line":31,"column":3}},"line":16}},"branchMap":{"0":{"loc":{"start":{"line":17,"column":39},"end":{"line":17,"column":71}},"type":"cond-expr","locations":[{"start":{"line":17,"column":60},"end":{"line":17,"column":66}},{"start":{"line":17,"column":69},"end":{"line":17,"column":71}}],"line":17},"1":{"loc":{"start":{"line":18,"column":39},"end":{"line":18,"column":71}},"type":"cond-expr","locations":[{"start":{"line":18,"column":60},"end":{"line":18,"column":62}},{"start":{"line":18,"column":65},"end":{"line":18,"column":71}}],"line":18}},"s":{"0":1,"1":1,"2":0,"3":2,"4":2,"5":2,"6":1},"f":{"0":1,"1":0,"2":2},"b":{"0":[0,2],"1":[0,2]},"_coverageSchema":"332fd63041d2c1bcb487cc26dd0d5f7d97098a6c","hash":"91bd2cb1d43662e50856395aa070ad3b555627fc"}
,"/home/jns/Dev/plokilista-frontend/src/services/blogs.js": {"path":"/home/jns/Dev/plokilista-frontend/src/services/blogs.js","statementMap":{"0":{"start":{"line":1,"column":13},"end":{"line":1,"column":75}},"1":{"start":{"line":1,"column":88},"end":{"line":1,"column":104}},"2":{"start":{"line":1,"column":119},"end":{"line":1,"column":149}},"3":{"start":{"line":1,"column":188},"end":{"line":1,"column":242}},"4":{"start":{"line":2,"column":16},"end":{"line":2,"column":28}},"5":{"start":{"line":4,"column":12},"end":{"line":4,"column":16}},"6":{"start":{"line":6,"column":15},"end":{"line":9,"column":1}},"7":{"start":{"line":7,"column":19},"end":{"line":7,"column":53}},"8":{"start":{"line":8,"column":2},"end":{"line":8,"column":23}},"9":{"start":{"line":11,"column":17},"end":{"line":13,"column":1}},"10":{"start":{"line":12,"column":2},"end":{"line":12,"column":31}},"11":{"start":{"line":15,"column":15},"end":{"line":22,"column":1}},"12":{"start":{"line":16,"column":17},"end":{"line":17,"column":77}},"13":{"start":{"line":20,"column":19},"end":{"line":20,"column":73}},"14":{"start":{"line":21,"column":2},"end":{"line":21,"column":23}},"15":{"start":{"line":24,"column":15},"end":{"line":31,"column":1}},"16":{"start":{"line":25,"column":17},"end":{"line":26,"column":77}},"17":{"start":{"line":28,"column":19},"end":{"line":29,"column":44}},"18":{"start":{"line":30,"column":2},"end":{"line":30,"column":23}},"19":{"start":{"line":33,"column":15},"end":{"line":40,"column":1}},"20":{"start":{"line":34,"column":17},"end":{"line":35,"column":77}},"21":{"start":{"line":37,"column":19},"end":{"line":38,"column":41}},"22":{"start":{"line":39,"column":2},"end":{"line":39,"column":23}},"23":{"start":{"line":40,"column":2},"end":{"line":42,"column":45}}},"fnMap":{"0":{"name":"_interopRequireDefault","decl":{"start":{"line":1,"column":159},"end":{"line":1,"column":181}},"loc":{"start":{"line":1,"column":187},"end":{"line":1,"column":243}},"line":1},"1":{"name":"(anonymous_1)","decl":{"start":{"line":6,"column":15},"end":{"line":6,"column":16}},"loc":{"start":{"line":6,"column":27},"end":{"line":9,"column":1}},"line":6},"2":{"name":"(anonymous_2)","decl":{"start":{"line":11,"column":17},"end":{"line":11,"column":18}},"loc":{"start":{"line":11,"column":29},"end":{"line":13,"column":1}},"line":11},"3":{"name":"(anonymous_3)","decl":{"start":{"line":15,"column":15},"end":{"line":15,"column":16}},"loc":{"start":{"line":15,"column":34},"end":{"line":22,"column":1}},"line":15},"4":{"name":"(anonymous_4)","decl":{"start":{"line":24,"column":15},"end":{"line":24,"column":16}},"loc":{"start":{"line":24,"column":29},"end":{"line":31,"column":1}},"line":24},"5":{"name":"(anonymous_5)","decl":{"start":{"line":33,"column":15},"end":{"line":33,"column":16}},"loc":{"start":{"line":33,"column":29},"end":{"line":40,"column":1}},"line":33}},"branchMap":{"0":{"loc":{"start":{"line":1,"column":195},"end":{"line":1,"column":241}},"type":"cond-expr","locations":[{"start":{"line":1,"column":219},"end":{"line":1,"column":222}},{"start":{"line":1,"column":225},"end":{"line":1,"column":241}}],"line":1},"1":{"loc":{"start":{"line":1,"column":195},"end":{"line":1,"column":216}},"type":"binary-expr","locations":[{"start":{"line":1,"column":195},"end":{"line":1,"column":198}},{"start":{"line":1,"column":202},"end":{"line":1,"column":216}}],"line":1}},"s":{"0":0,"1":0,"2":0,"3":0,"4":0,"5":0,"6":0,"7":0,"8":0,"9":0,"10":0,"11":0,"12":0,"13":0,"14":0,"15":0,"16":0,"17":0,"18":0,"19":0,"20":0,"21":0,"22":0,"23":0},"f":{"0":0,"1":0,"2":0,"3":0,"4":0,"5":0},"b":{"0":[0,0],"1":[0,0]}}
,"/home/jns/Dev/plokilista-frontend/src/services/login.js": {"path":"/home/jns/Dev/plokilista-frontend/src/services/login.js","statementMap":{"0":{"start":{"line":2,"column":16},"end":{"line":2,"column":28}},"1":{"start":{"line":4,"column":14},"end":{"line":7,"column":1}},"2":{"start":{"line":5,"column":19},"end":{"line":5,"column":57}},"3":{"start":{"line":6,"column":2},"end":{"line":6,"column":22}}},"fnMap":{"0":{"name":"(anonymous_0)","decl":{"start":{"line":4,"column":14},"end":{"line":4,"column":15}},"loc":{"start":{"line":4,"column":37},"end":{"line":7,"column":1}},"line":4}},"branchMap":{},"s":{"0":1,"1":1,"2":0,"3":0},"f":{"0":0},"b":{},"_coverageSchema":"332fd63041d2c1bcb487cc26dd0d5f7d97098a6c","hash":"d549797fa3ff02ca49603d6a34c473d42530e04d"}
}
